{
  "stats": {
    "suites": 1,
    "tests": 1,
    "passes": 0,
    "pending": 0,
    "failures": 1,
    "start": "2024-08-17T04:32:01.463Z",
    "end": "2024-08-17T04:32:23.086Z",
    "duration": 21623,
    "testsRegistered": 1,
    "passPercent": 0,
    "pendingPercent": 0,
    "other": 0,
    "hasOther": false,
    "skipped": 0,
    "hasSkipped": false
  },
  "results": [
    {
      "uuid": "cd7f4bdd-b1a4-4064-bb2c-7ad96fde5833",
      "title": "",
      "fullFile": "cypress\\e2e\\redif\\testautomation.cy.js",
      "file": "cypress\\e2e\\redif\\testautomation.cy.js",
      "beforeHooks": [],
      "afterHooks": [],
      "tests": [],
      "suites": [
        {
          "uuid": "09a63db1-ac1e-4952-9093-28823faf3c11",
          "title": "drop down",
          "fullFile": "",
          "file": "",
          "beforeHooks": [],
          "afterHooks": [],
          "tests": [
            {
              "title": "clic ob ",
              "fullTitle": "drop down clic ob ",
              "timedOut": null,
              "duration": 9284,
              "state": "failed",
              "speed": null,
              "pass": false,
              "fail": true,
              "pending": false,
              "context": "{\n  \"title\": \"cypress-mochawesome-reporter-videos-failed\",\n  \"value\": \"cypress\\\\e2e\\\\redif\\\\testautomation.cy.js\"\n}",
              "code": "cy.visit(\"https://testautomationpractice.blogspot.com/\");\ncy.get('iframe[frameborder=\"0\"]').then(frame => {\n  var dropdown = frame.contents().find(\"select[id='RESULT_RadioButton-3']\");\n  cy.wrap(dropdown).click();\n});",
              "err": {
                "message": "SecurityError: Blocked a frame with origin \"https://testautomationpractice.blogspot.com\" from accessing a cross-origin frame.",
                "estack": "SecurityError: Blocked a frame with origin \"https://testautomationpractice.blogspot.com\" from accessing a cross-origin frame.\nError: Blocked a frame with origin \"https://testautomationpractice.blogspot.com\" from accessing a cross-origin frame.\n    at contents (https://code.jquery.com/jquery-1.12.4.js:3123:47)\n    at Function.map (https://code.jquery.com/jquery-1.12.4.js:484:13)\n    at jQuery.fn.<computed> [as contents] (https://code.jquery.com/jquery-1.12.4.js:3128:20)",
                "diff": null
              },
              "uuid": "97dd4108-ae8f-4442-a741-5b5bdefad90f",
              "parentUUID": "09a63db1-ac1e-4952-9093-28823faf3c11",
              "isHook": false,
              "skipped": false
            }
          ],
          "suites": [],
          "passes": [],
          "failures": [
            "97dd4108-ae8f-4442-a741-5b5bdefad90f"
          ],
          "pending": [],
          "skipped": [],
          "duration": 9284,
          "root": false,
          "rootEmpty": false,
          "_timeout": 2000
        }
      ],
      "passes": [],
      "failures": [],
      "pending": [],
      "skipped": [],
      "duration": 0,
      "root": true,
      "rootEmpty": true,
      "_timeout": 2000
    }
  ],
  "meta": {
    "mocha": {
      "version": "7.0.1"
    },
    "mochawesome": {
      "options": {
        "quiet": false,
        "reportFilename": "mochawesome",
        "saveHtml": false,
        "saveJson": true,
        "consoleReporter": "spec",
        "useInlineDiffs": false,
        "code": true
      },
      "version": "7.1.3"
    },
    "marge": {
      "options": {
        "overwrite": false,
        "html": false,
        "json": true,
        "reportDir": "cypress\\reports\\html\\.jsons"
      },
      "version": "6.2.0"
    }
  }
}